     1: [91m;[91m[0m
[91m	** [0mSEMI found
[0m     2:           [92m;[0m
[92m	** [0mSEMI found
[0m     3: var [93m=[0m [94m25[0m[95m;[0m
[93m	** [0mEQUAL found
[94m	** [0mNUMBR found
[95m	** [0mSEMI found
[0m     4: longvar [96m=[0m [91m4713[0m - [92m22[0m[93m;[0m
[96m	** [0mEQUAL found
[91m	** [0mNUMBR found
[92m	** [0mNUMBR found
[93m	** [0mSEMI found
[0m     5: 
[0m     6: [94m;[0m         [95m;[0m
[94m	** [0mSEMI found
[95m	** [0mSEMI found
[0m     7: 
[0m     8: more[96m=[0m[91m54[0m[92m;[0m
[96m	** [0mEQUAL found
[91m	** [0mNUMBR found
[92m	** [0mSEMI found
[0m     9: 
[0m    10: a more or less long line that does not really contain much
[0m    11: 
[0m    12: [93m12[0m,[94m13[0m,[95m14[0m,[96m15[0m
[93m	** [0mNUMBR found
[94m	** [0mNUMBR found
[95m	** [0mNUMBR found
[96m	** [0mNUMBR found
[0m    13: [91m16[0m[92m;[0m[93m17[0m[94m;[0m[95m18[0m[96m;[0m[91m19[0m[92m;[0m
[91m	** [0mNUMBR found
[92m	** [0mSEMI found
[93m	** [0mNUMBR found
[94m	** [0mSEMI found
[95m	** [0mNUMBR found
[96m	** [0mSEMI found
[91m	** [0mNUMBR found
[92m	** [0mSEMI found
[93m	** [0mEOF found
[94m	** [0mEOF found
[95m	** [0mEOF found
