     1: [91m;[91m[0m
[91m	** [0mSEMI found
[0m     2:           [92m;[0m
[92m	** [0mSEMI found
[0m     3: var [93m=[0m [94m25[0m[95m;[0m
[93m	** [0mEQUAL found
[94m	** [0mNUMBR found
[95m	** [0mSEMI found
[0m     4: longvar [96m=[0m [91m4713[0m [92m-[0m 22;
[96m	** [0mEQUAL found
[91m	** [0mNUMBR found
[92m	** [0mUNKWN found
[0m     5: 
[0m     6: ;         ;
[0m     7: 
[0m     8: more=54;
[0m     9: 
[0m    10: a more or less long line that does not really contain much
[0m    11: 
[0m    12: 12,13,14,15
[0m    13: 16;17;18;19;
